Flutter crash report; please file at https://github.com/flutter/flutter/issues.

## command

flutter run

## exception

ProcessException: ProcessException: Process "C:\Users\Dr. Dalia\AppData\Local\Android\sdk\platform-tools\adb.exe" exited abnormally:
Starting: Intent { act=android.intent.action.RUN flg=0x20000000 cmp=com.example.gawla/.MainActivity (has extras) }

android.os.DeadObjectException
	at android.os.BinderProxy.transactNative(Native Method)
	at android.os.BinderProxy.transact(Binder.java:615)
	at android.app.ActivityManagerProxy.startActivityAsUser(ActivityManagerNative.java:3106)
	at com.android.commands.am.Am.runStart(Am.java:635)
	at com.android.commands.am.Am.onRun(Am.java:388)
	at com.android.internal.os.BaseCommand.run(BaseCommand.java:51)
	at com.android.commands.am.Am.main(Am.java:121)
	at com.android.internal.os.RuntimeInit.nativeFinishInit(Native Method)
	at com.android.internal.os.RuntimeInit.main(RuntimeInit.java:262)
  Command: C:\Users\Dr. Dalia\AppData\Local\Android\sdk\platform-tools\adb.exe -s emulator-5554 shell am start -a android.intent.action.RUN -f 0x20000000 --ez enable-background-compilation true --ez enable-dart-profiling true --ez enable-checked-mode true --ez verify-entry-points true com.example.gawla/com.example.gawla.MainActivity

```
#0      runCheckedAsync (package:flutter_tools/src/base/process.dart:259:7)
<asynchronous suspension>
#1      AndroidDevice.runAdbCheckedAsync (package:flutter_tools/src/android/android_device.dart:192:12)
<asynchronous suspension>
#2      AndroidDevice.startApp (package:flutter_tools/src/android/android_device.dart:507:34)
<asynchronous suspension>
#3      FlutterDevice.runHot (package:flutter_tools/src/resident_runner.dart:371:54)
<asynchronous suspension>
#4      HotRunner.run (package:flutter_tools/src/run_hot.dart:251:39)
<asynchronous suspension>
#5      RunCommand.runCommand (package:flutter_tools/src/commands/run.dart:469:37)
<asynchronous suspension>
#6      FlutterCommand.verifyThenRunCommand (package:flutter_tools/src/runner/flutter_command.dart:478:18)
<asynchronous suspension>
#7      FlutterCommand.run.<anonymous closure> (package:flutter_tools/src/runner/flutter_command.dart:383:33)
<asynchronous suspension>
#8      AppContext.run.<anonymous closure> (package:flutter_tools/src/base/context.dart:153:29)
<asynchronous suspension>
#9      _rootRun (dart:async/zone.dart:1124:13)
#10     _CustomZone.run (dart:async/zone.dart:1021:19)
#11     _runZoned (dart:async/zone.dart:1516:10)
#12     runZoned (dart:async/zone.dart:1463:12)
#13     AppContext.run (package:flutter_tools/src/base/context.dart:152:18)
<asynchronous suspension>
#14     FlutterCommand.run (package:flutter_tools/src/runner/flutter_command.dart:375:20)
#15     CommandRunner.runCommand (package:args/command_runner.dart:197:27)
<asynchronous suspension>
#16     FlutterCommandRunner.runCommand.<anonymous closure> (package:flutter_tools/src/runner/flutter_command_runner.dart:396:21)
<asynchronous suspension>
#17     AppContext.run.<anonymous closure> (package:flutter_tools/src/base/context.dart:153:29)
<asynchronous suspension>
#18     _rootRun (dart:async/zone.dart:1124:13)
#19     _CustomZone.run (dart:async/zone.dart:1021:19)
#20     _runZoned (dart:async/zone.dart:1516:10)
#21     runZoned (dart:async/zone.dart:1463:12)
#22     AppContext.run (package:flutter_tools/src/base/context.dart:152:18)
<asynchronous suspension>
#23     FlutterCommandRunner.runCommand (package:flutter_tools/src/runner/flutter_command_runner.dart:356:19)
<asynchronous suspension>
#24     CommandRunner.run.<anonymous closure> (package:args/command_runner.dart:112:25)
#25     new Future.sync (dart:async/future.dart:224:31)
#26     CommandRunner.run (package:args/command_runner.dart:112:14)
#27     FlutterCommandRunner.run (package:flutter_tools/src/runner/flutter_command_runner.dart:242:18)
#28     run.<anonymous closure>.<anonymous closure> (package:flutter_tools/runner.dart:62:22)
<asynchronous suspension>
#29     _rootRun (dart:async/zone.dart:1124:13)
#30     _CustomZone.run (dart:async/zone.dart:1021:19)
#31     _runZoned (dart:async/zone.dart:1516:10)
#32     runZoned (dart:async/zone.dart:1500:12)
#33     run.<anonymous closure> (package:flutter_tools/runner.dart:60:18)
<asynchronous suspension>
#34     AppContext.run.<anonymous closure> (package:flutter_tools/src/base/context.dart:153:29)
<asynchronous suspension>
#35     _rootRun (dart:async/zone.dart:1124:13)
#36     _CustomZone.run (dart:async/zone.dart:1021:19)
#37     _runZoned (dart:async/zone.dart:1516:10)
#38     runZoned (dart:async/zone.dart:1463:12)
#39     AppContext.run (package:flutter_tools/src/base/context.dart:152:18)
<asynchronous suspension>
#40     runInContext (package:flutter_tools/src/context_runner.dart:56:24)
<asynchronous suspension>
#41     run (package:flutter_tools/runner.dart:51:10)
#42     main (package:flutter_tools/executable.dart:62:9)
<asynchronous suspension>
#43     main (file:///C:/b/s/w/ir/k/archive/flutter/packages/flutter_tools/bin/flutter_tools.dart:8:3)
#44     _startIsolate.<anonymous closure> (dart:isolate-patch/isolate_patch.dart:299:32)
#45     _RawReceivePortImpl._handleMessage (dart:isolate-patch/isolate_patch.dart:172:12)
```

## flutter doctor

```
[✓] Flutter (Channel stable, v1.7.8+hotfix.3, on Microsoft Windows [Version 6.1.7601],
    locale en-GB)
    • Flutter version 1.7.8+hotfix.3 at
      C:\src\flutter_windows_v1.7.8+hotfix.3-stable\flutter
    • Framework revision b712a172f9 (11 days ago), 2019-07-09 13:14:38 -0700
    • Engine revision 54ad777fd2
    • Dart version 2.4.0

[!] Android toolchain - develop for Android devices (Android SDK version 29.0.0)
    • Android SDK at C:\Users\Dr. Dalia\AppData\Local\Android\sdk
    • Android NDK location not configured (optional; useful for native profiling
      support)
    • Platform android-29, build-tools 29.0.0
    • Java binary at: C:\src\Android\Android Studio\jre\bin\java
    • Java version OpenJDK Runtime Environment (build 1.8.0_152-release-1343-b01)
    ! Some Android licenses not accepted.  To resolve this, run: flutter doctor
      --android-licenses

[!] Android Studio (version 3.4)
    • Android Studio at C:\src\Android\Android Studio
    ✗ Flutter plugin not installed; this adds Flutter specific functionality.
    • Dart plugin version 183.6270
    • Java version OpenJDK Runtime Environment (build 1.8.0_152-release-1343-b01)

[✓] Connected device (1 available)
    • Android SDK built for x86 • emulator-5554 • android-x86 • Android 7.0 (API 24)
      (emulator)

! Doctor found issues in 2 categories.
```
